<?xml version="1.0" encoding="UTF-8"?>
<!-- Generated by org.testng.reporters.JUnitXMLReporter -->
<testsuite ignored="6" hostname="LAPTOP-SQN05NQ4" failures="0" tests="3" name="Test" time="91.144" errors="0" timestamp="2023-05-25T20:31:08 IST">
  <testcase classname="tests.RegisterTest" name="RegisterTCValid" time="5.849"/>
  <testcase classname="tests.logintest" name="LoginTCvalid" time="4.007"/>
  <testcase classname="tests.logintest" name="LoginTCinvalid" time="1.965"/>
  <testcase classname="resource.baseClass" name="@BeforeTest ExtentReport" time="0.0">
    <ignored/>
  </testcase> <!-- @BeforeTest ExtentReport -->
  <testcase classname="resource.baseClass" name="@AfterTest endReport" time="0.0">
    <ignored/>
  </testcase> <!-- @AfterTest endReport -->
  <testcase classname="resource.baseClass" name="@BeforeTest ExtentReport" time="0.0">
    <ignored/>
  </testcase> <!-- @BeforeTest ExtentReport -->
  <testcase classname="resource.baseClass" name="@AfterTest endReport" time="0.0">
    <ignored/>
  </testcase> <!-- @AfterTest endReport -->
  <testcase classname="resource.baseClass" name="@BeforeTest ExtentReport" time="0.0">
    <ignored/>
  </testcase> <!-- @BeforeTest ExtentReport -->
  <testcase classname="resource.baseClass" name="@AfterTest endReport" time="0.0">
    <ignored/>
  </testcase> <!-- @AfterTest endReport -->
</testsuite> <!-- Test -->
